<?xml version="1.0" encoding="UTF-8"?>
<testsuite name="com.irina.myfirstgame.stats.HungerTest" tests="2" skipped="0" failures="0" errors="0" timestamp="2025-11-25T14:34:02.281Z" hostname="TCO" time="0.006">
  <properties/>
  <testcase name="Test 5: Faim ne descend pas en dessous de 0 et déclenche starvation" classname="com.irina.myfirstgame.stats.HungerTest" time="0.002"/>
  <testcase name="Test 6: Restauration de faim ne dépasse pas maxHunger" classname="com.irina.myfirstgame.stats.HungerTest" time="0.002"/>
  <system-out><![CDATA[]]></system-out>
  <system-err><![CDATA[]]></system-err>
</testsuite>
